<?xml version="1.0" encoding="UTF-8"?>
<testng-results ignored="0" total="2" passed="2" failed="0" skipped="0">
  <reporter-output>
  </reporter-output>
  <suite started-at="2022-08-24T16:13:56 IST" name="Suite" finished-at="2022-08-24T16:14:19 IST" duration-ms="22277">
    <groups>
    </groups>
    <test started-at="2022-08-24T16:13:56 IST" name="Test" finished-at="2022-08-24T16:14:19 IST" duration-ms="22277">
      <class name="test.LoginTest">
        <test-method is-config="true" signature="launchBrowser()[pri:0, instance:test.LoginTest@59fd97a8]" started-at="2022-08-24T16:13:56 IST" name="launchBrowser" finished-at="2022-08-24T16:14:07 IST" duration-ms="10452" status="PASS">
          <reporter-output>
          </reporter-output>
        </test-method> <!-- launchBrowser -->
        <test-method is-config="true" signature="pageObject()[pri:0, instance:test.LoginTest@59fd97a8]" started-at="2022-08-24T16:14:07 IST" name="pageObject" finished-at="2022-08-24T16:14:07 IST" duration-ms="68" status="PASS">
          <reporter-output>
          </reporter-output>
        </test-method> <!-- pageObject -->
        <test-method signature="verifyLogin()[pri:0, instance:test.LoginTest@59fd97a8]" started-at="2022-08-24T16:14:07 IST" name="verifyLogin" finished-at="2022-08-24T16:14:08 IST" duration-ms="854" status="PASS">
          <reporter-output>
          </reporter-output>
        </test-method> <!-- verifyLogin -->
        <test-method is-config="true" signature="TearDownEnvirment()[pri:0, instance:test.LoginTest@59fd97a8]" started-at="2022-08-24T16:14:08 IST" name="TearDownEnvirment" finished-at="2022-08-24T16:14:08 IST" duration-ms="470" status="PASS">
          <reporter-output>
          </reporter-output>
        </test-method> <!-- TearDownEnvirment -->
      </class> <!-- test.LoginTest -->
      <class name="test.PimTest">
        <test-method is-config="true" signature="launchBrowser()[pri:0, instance:test.PimTest@4d9e68d0]" started-at="2022-08-24T16:14:08 IST" name="launchBrowser" finished-at="2022-08-24T16:14:14 IST" duration-ms="5902" status="PASS">
          <reporter-output>
          </reporter-output>
        </test-method> <!-- launchBrowser -->
        <test-method is-config="true" signature="pageObject()[pri:0, instance:test.PimTest@4d9e68d0]" started-at="2022-08-24T16:14:14 IST" name="pageObject" finished-at="2022-08-24T16:14:14 IST" duration-ms="0" status="PASS">
          <reporter-output>
          </reporter-output>
        </test-method> <!-- pageObject -->
        <test-method is-config="true" signature="login()[pri:0, instance:test.PimTest@4d9e68d0]" started-at="2022-08-24T16:14:14 IST" name="login" finished-at="2022-08-24T16:14:15 IST" duration-ms="786" status="PASS">
          <reporter-output>
          </reporter-output>
        </test-method> <!-- login -->
        <test-method signature="verifyPimPage()[pri:0, instance:test.PimTest@4d9e68d0]" started-at="2022-08-24T16:14:15 IST" name="verifyPimPage" finished-at="2022-08-24T16:14:18 IST" duration-ms="3326" status="PASS">
          <reporter-output>
          </reporter-output>
        </test-method> <!-- verifyPimPage -->
        <test-method is-config="true" signature="TearDownEnvirment()[pri:0, instance:test.PimTest@4d9e68d0]" started-at="2022-08-24T16:14:18 IST" name="TearDownEnvirment" finished-at="2022-08-24T16:14:19 IST" duration-ms="363" status="PASS">
          <reporter-output>
          </reporter-output>
        </test-method> <!-- TearDownEnvirment -->
      </class> <!-- test.PimTest -->
    </test> <!-- Test -->
  </suite> <!-- Suite -->
</testng-results>
